{"contracts/MyContract.sol":{"l":{"7":6,"11":1,"15":2},"path":"/Users/mathieu.chambaud/Documents/Mathieu/solidity_project/contracts/MyContract.sol","s":{"1":2},"b":{},"f":{"1":6,"2":1,"3":2},"fnMap":{"1":{"name":"constructor","line":6,"loc":{"start":{"line":6,"column":4},"end":{"line":8,"column":4}}},"2":{"name":"changeName","line":10,"loc":{"start":{"line":10,"column":4},"end":{"line":12,"column":4}}},"3":{"name":"getName","line":14,"loc":{"start":{"line":14,"column":4},"end":{"line":16,"column":4}}}},"statementMap":{"1":{"start":{"line":15,"column":8},"end":{"line":15,"column":19}}},"branchMap":{}}}